0 info it worked if it ends with ok
1 verbose cli [ 'D:\\nodejs\\node.exe',
1 verbose cli   'D:\\nodejs\\node_modules\\npm\\bin\\npm-cli.js',
1 verbose cli   'run',
1 verbose cli   'dev' ]
2 info using npm@5.6.0
3 info using node@v8.10.0
4 verbose run-script [ 'predev', 'dev', 'postdev' ]
5 info lifecycle vuetest1@1.0.0~predev: vuetest1@1.0.0
6 info lifecycle vuetest1@1.0.0~dev: vuetest1@1.0.0
7 verbose lifecycle vuetest1@1.0.0~dev: unsafe-perm in lifecycle true
8 verbose lifecycle vuetest1@1.0.0~dev: PATH: D:\nodejs\node_modules\npm\node_modules\npm-lifecycle\node-gyp-bin;D:\work\vuetest1\node_modules\.bin;C:\ProgramData\Oracle\Java\javapath;D:\adt-bundle-windows-x86_64_20140101\sdk\platform-tools;D:\android-ndk-r9b;D:\develop\Java\bin;C:\Program Files (x86)\NVIDIA Corporation\PhysX\Common;C:\Program Files (x86)\Intel\iCLS Client\;C:\Program Files\Intel\iCLS Client\;C:\Windows\system32;C:\Windows;C:\Windows\System32\Wbem;C:\Windows\System32\WindowsPowerShell\v1.0\;C:\Program Files\Intel\Intel(R) Management Engine Components\DAL;C:\Program Files (x86)\Intel\Intel(R) Management Engine Components\DAL;C:\Program Files\Intel\Intel(R) Management Engine Components\IPT;C:\Program Files (x86)\Intel\Intel(R) Management Engine Components\IPT;C:\Program Files\Intel\WiFi\bin\;C:\Program Files\Common Files\Intel\WirelessCommon\;C:\Program Files\Lenovo\Fingerprint Manager Pro\;C:\Program Files (x86)\Common Files\Lenovo;C:\Program Files (x86)\Common Files\lenovo\easyplussdk\bin;C:\SWTOOLS\ReadyApps;D:\MySQL\MySQL Server 5.5\bin;D:\SVN\bin;C:\Program Files (x86)\MySQL\MySQL Fabric 1.5.3 & MySQL Utilities 1.5.3 1.5\;C:\Program Files (x86)\MySQL\MySQL Fabric 1.5.3 & MySQL Utilities 1.5.3 1.5\Doctrine extensions for PHP\;D:\develop\GIT\Git\cmd;D:\nodejs\;D:\nodejs\node_global
9 verbose lifecycle vuetest1@1.0.0~dev: CWD: D:\work\vuetest1
10 silly lifecycle vuetest1@1.0.0~dev: Args: [ '/d /s /c',
10 silly lifecycle   'webpack-dev-server --inline --progress --config build/webpack.dev.conf.js' ]
11 silly lifecycle vuetest1@1.0.0~dev: Returned: code: 1  signal: null
12 info lifecycle vuetest1@1.0.0~dev: Failed to exec dev script
13 verbose stack Error: vuetest1@1.0.0 dev: `webpack-dev-server --inline --progress --config build/webpack.dev.conf.js`
13 verbose stack Exit status 1
13 verbose stack     at EventEmitter.<anonymous> (D:\nodejs\node_modules\npm\node_modules\npm-lifecycle\index.js:285:16)
13 verbose stack     at emitTwo (events.js:126:13)
13 verbose stack     at EventEmitter.emit (events.js:214:7)
13 verbose stack     at ChildProcess.<anonymous> (D:\nodejs\node_modules\npm\node_modules\npm-lifecycle\lib\spawn.js:55:14)
13 verbose stack     at emitTwo (events.js:126:13)
13 verbose stack     at ChildProcess.emit (events.js:214:7)
13 verbose stack     at maybeClose (internal/child_process.js:925:16)
13 verbose stack     at Process.ChildProcess._handle.onexit (internal/child_process.js:209:5)
14 verbose pkgid vuetest1@1.0.0
15 verbose cwd D:\work\vuetest1
16 verbose Windows_NT 6.1.7601
17 verbose argv "D:\\nodejs\\node.exe" "D:\\nodejs\\node_modules\\npm\\bin\\npm-cli.js" "run" "dev"
18 verbose node v8.10.0
19 verbose npm  v5.6.0
20 error code ELIFECYCLE
21 error errno 1
22 error vuetest1@1.0.0 dev: `webpack-dev-server --inline --progress --config build/webpack.dev.conf.js`
22 error Exit status 1
23 error Failed at the vuetest1@1.0.0 dev script.
23 error This is probably not a problem with npm. There is likely additional logging output above.
24 verbose exit [ 1, true ]
